songbookMgr/manifest-merger-release-report.txt
-- Merging decision tree log ---
manifest
ADDED from AndroidManifest.xml:2:1
	package
		ADDED from AndroidManifest.xml:3:5
	android:versionName
		ADDED from AndroidManifest.xml:5:5
	android:versionCode
		ADDED from AndroidManifest.xml:4:5
		INJECTED from AndroidManifest.xml:0:0
		INJECTED from AndroidManifest.xml:0:0
	xmlns:android
		ADDED from AndroidManifest.xml:2:11
uses-sdk
ADDED from AndroidManifest.xml:7:5
MERGED from SongbookMgr:quickAction:unspecified:7:5
MERGED from com.android.support:support-v4:21.0.3:15:5
MERGED from SongbookMgr:songbookDBUtils:unspecified:7:5
MERGED from com.android.support:support-v4:21.0.3:15:5
MERGED from SongbookMgr:fileChooser:unspecified:7:5
MERGED from com.android.support:support-v4:21.0.3:15:5
MERGED from com.android.support:support-v4:21.0.3:15:5
	android:targetSdkVersion
		ADDED from AndroidManifest.xml:9:9
		INJECTED from AndroidManifest.xml:0:0
		INJECTED from AndroidManifest.xml:0:0
	android:minSdkVersion
		ADDED from AndroidManifest.xml:8:9
		INJECTED from AndroidManifest.xml:0:0
		INJECTED from AndroidManifest.xml:0:0
uses-permission#android.permission.READ_EXTERNAL_STORAGE
ADDED from AndroidManifest.xml:10:5
	android:name
		ADDED from AndroidManifest.xml:10:22
uses-permission#android.permission.WRITE_EXTERNAL_STORAGE
ADDED from AndroidManifest.xml:11:5
	android:name
		ADDED from AndroidManifest.xml:11:22
uses-permission#android.permission.INTERNET
ADDED from AndroidManifest.xml:12:5
	android:name
		ADDED from AndroidManifest.xml:12:22
application
ADDED from AndroidManifest.xml:14:5
MERGED from com.android.support:support-v4:21.0.3:16:5
MERGED from com.android.support:support-v4:21.0.3:16:5
MERGED from com.android.support:support-v4:21.0.3:16:5
MERGED from com.android.support:support-v4:21.0.3:16:5
	android:label
		ADDED from AndroidManifest.xml:17:9
	android:allowBackup
		ADDED from AndroidManifest.xml:16:9
	android:icon
		ADDED from AndroidManifest.xml:18:9
	android:theme
		ADDED from AndroidManifest.xml:19:9
	android:name
		ADDED from AndroidManifest.xml:15:9
activity#com.dql.songbookmgr.SongbookMgrActivity
ADDED from AndroidManifest.xml:21:5
	android:label
		ADDED from AndroidManifest.xml:23:9
	android:name
		ADDED from AndroidManifest.xml:22:9
intent-filter#android.intent.action.MAIN+android.intent.category.LAUNCHER
ADDED from AndroidManifest.xml:24:9
action#android.intent.action.MAIN
ADDED from AndroidManifest.xml:25:13
	android:name
		ADDED from AndroidManifest.xml:25:21
category#android.intent.category.LAUNCHER
ADDED from AndroidManifest.xml:27:13
	android:name
		ADDED from AndroidManifest.xml:27:23
activity#com.dql.filechooser.FileChooser
ADDED from AndroidManifest.xml:30:5
	android:name
		ADDED from AndroidManifest.xml:31:9
activity#com.dql.songbookmgr.SongIndexConfigActivity
ADDED from AndroidManifest.xml:33:5
	android:name
		ADDED from AndroidManifest.xml:34:9
activity#com.dql.songbookmgr.SongbookImportActivity
ADDED from AndroidManifest.xml:36:6
	android:label
		ADDED from AndroidManifest.xml:38:9
	android:name
		ADDED from AndroidManifest.xml:37:9
activity#com.dql.songbookmgr.SendDBViaEmailActivity
ADDED from AndroidManifest.xml:40:5
	android:label
		ADDED from AndroidManifest.xml:42:9
	android:name
		ADDED from AndroidManifest.xml:41:9
activity#com.dql.songbookmgr.FavSongbookDBBackupActivity
ADDED from AndroidManifest.xml:44:13
	android:name
		ADDED from AndroidManifest.xml:45:9
activity#com.dql.songbookmgr.FavSongbookDBRestoreActivity
ADDED from AndroidManifest.xml:47:5
	android:label
		ADDED from AndroidManifest.xml:49:9
	android:name
		ADDED from AndroidManifest.xml:48:9
activity#com.dql.songbookmgr.SongbookDBBackupActivity
ADDED from AndroidManifest.xml:51:5
	android:name
		ADDED from AndroidManifest.xml:52:9
activity#com.dql.songbookmgr.SongbookDBRestoreActivity
ADDED from AndroidManifest.xml:54:5
	android:name
		ADDED from AndroidManifest.xml:55:9